┌───────────────────────────────────────────────────────────────────────────────────────────────────── Flow Execution ─────────────────────────────────────────────────────────────────────────────────────────────────────┐
│                                                                                                                                                                                                                          │
│  Starting Flow Execution                                                                                                                                                                                                 │
│  Name: MarsFlow                                                                                                                                                                                                          │
│  ID: dbd7dc9f-1c3c-470c-baff-a2428810e75a                                                                                                                                                                                │
│  Tool Args:                                                                                                                                                                                                              │
│                                                                                                                                                                                                                          │
│                                                                                                                                                                                                                          │
└──────────────────────────────────────────────────────────────────────────────────────────────────────────────────────────────────────────────────────────────────────────────────────────────────────────────────────────┘

[1m[35m Flow started with ID: dbd7dc9f-1c3c-470c-baff-a2428810e75a[00m
Mission analysis
🌊 Flow: MarsFlow
ID: dbd7dc9f-1c3c-470c-baff-a2428810e75a
├── 🧠 Starting Flow...
└── 🔄 Running: run_mission_analysis┌───────────────────────────────────────────────────────────────────────────────────────────────── Crew Execution Started ─────────────────────────────────────────────────────────────────────────────────────────────────┐
│                                                                                                                                                                                                                          │
│  Crew Execution Started                                                                                                                                                                                                  │
│  Name: crew                                                                                                                                                                                                              │
│  ID: 938ce0a4-ef5d-4f5d-aec7-0161466b8c5b                                                                                                                                                                                │
│  Tool Args:                                                                                                                                                                                                              │
│                                                                                                                                                                                                                          │
│                                                                                                                                                                                                                          │
└──────────────────────────────────────────────────────────────────────────────────────────────────────────────────────────────────────────────────────────────────────────────────────────────────────────────────────────┘

🚀 Crew: crew
└── 📋 Task: 7cc13753-3980-422a-b0a6-7323621c3e35
    Status: Executing Task...┌──────────────────────────────────────────────────────────────────────────────────────────────────── 🤖 Agent Started ────────────────────────────────────────────────────────────────────────────────────────────────────┐
│                                                                                                                                                                                                                          │
│  Agent: Mars mission strategic planner                                                                                                                                                                                   │
│                                                                                                                                                                                                                          │
│  Task: Your ONLY job is to take the entire raw text provided in 'mission_report'  and pass it UNCHANGED to the 'planner_divide_report' tool in the 'markdown_report' argument.                                           │
│  Do NOT try to extract nodes or terrains yourself.  Do NOT summarize.  Pass the raw markdown exactly as it is: """ {                                                                                                     │
│  ---                                                                                                                                                                                                                     │
│                                                                                                                                                                                                                          │
│  # Mars Mission Report                                                                                                                                                                                                   │
│                                                                                                                                                                                                                          │
│  ## Scientific Goals                                                                                                                                                                                                     │
│                                                                                                                                                                                                                          │
│  - Collect subsurface samples from **rocky** terrain near nodes **N70** and **N102**.                                                                                                                                    │
│  - Capture panoramic images of **crater** terrain at nodes **N5**, **N58**, **N121** and **N150**.                                                                                                                       │
│  - Measure radiation levels in **sandy** terrain at node **N12**, **N86** and **N1**.                                                                                                                                    │
│  - Deploy seismic sensors at the **rocky** node **N20**.                                                                                                                                                                 │
│  - Detect organic molecules in **icy** terrain at **N59**.                                                                                                                                                               │
│  - Air **dust** sample collection during flight over **N33** crater.                                                                                                                                                     │
│  - Map CO2 frost coverage in **icy** areas **N53**, **N63** and **N108**.                                                                                                                                                │
│  - Identification of thermal anomalies at **icy** nodes **N56** and **N112**.                                                                                                                                            │
│                                                                                                                                                                                                                          │
│  ---                                                                                                                                                                                                                     │
│                                                                                                                                                                                                                          │
│  ## Operational Constraints                                                                                                                                                                                              │
│                                                                                                                                                                                                                          │
│  - **Rovers** and **drones** should recharge if energy drops below 30%.                                                                                                                                                  │
│  - **Rovers** must enter a heat shelter during 20 minutes if the surface temperature is below -60ºC.                                                                                                                     │
│  - **Rovers** cannot operate if node temperature is below -80ºC.                                                                                                                                                         │
│  - **Rover's** energy consumption is different depending on the type of terrain: 5% in rocky, increased 10% in sandy, increased 20% in icy and increased 15% in crater terrains.                                         │
│  - **Drones** must return to base after 25 minutes of flight.                                                                                                                                                            │
│  - **Drones** are disabled if there is a dust storm.                                                                                                                                                                     │
│  - **Drones** cannot operate if wind gusts are higher than 40 km/h.                                                                                                                                                      │
│  - **Drone's** energy consumption is increased 15% if wind is higher than 30 km/h.                                                                                                                                       │
│  - **Satellites** must maintain communication with the base station at N30 or N84 every 5 hours if they have to identify thermal anomalies.                                                                              │
│  - **Satellites** cannot communicate in nodes with communication loss.                                                                                                                                                   │
│  - **Rovers** may not operate in terrain classified as radioactive.                                                                                                                                                      │
│  - **Rovers** may not operate in terrain classified as unstable.                                                                                                                                                         │
│                                                                                                                                                                                                                          │
│  ---                                                                                                                                                                                                                     │
│                                                                                                                                                                                                                          │
│  ## Mission Priorities                                                                                                                                                                                                   │
│                                                                                                                                                                                                                          │
│  1. **High Priority**                                                                                                                                                                                                    │
│     - Radiation measurement at **N12**, **N86** and **N1**.                                                                                                                                                              │
│     - Subsurface sample collection at **N70** and **N102**.                                                                                                                                                              │
│     - Deploy seismic sensors at node **N20**.                                                                                                                                                                            │
│                                                                                                                                                                                                                          │
│  2. **Medium Priority**                                                                                                                                                                                                  │
│     - Air sample collection at **N33**.                                                                                                                                                                                  │
│     - Organic sample collection at **N59**.                                                                                                                                                                              │
│     - Co2 analysis **N53**, **N63** and **N108**.                                                                                                                                                                        │
│                                                                                                                                                                                                                          │
│  3. **Low Priority**                                                                                                                                                                                                     │
│     - Panoramic imaging at **N5**, **N58**, **N121** and **N150**.                                                                                                                                                       │
│     - Thermal anomalies at nodes **N56** and **N112**.                                                                                                                                                                   │
│                                                                                                                                                                                                                          │
│  ---                                                                                                                                                                                                                     │
│                                                                                                                                                                                                                          │
│  ## Known Hazards                                                                                                                                                                                                        │
│                                                                                                                                                                                                                          │
│  - **Nodes N4, N19, N128**: unstable rocky terrain                                                                                                                                                                       │
│  - **Nodes N51, N78, N118**: nodes classified as radioactive                                                                                                                                                             │
│  - **Node N33**: frequent dust storms                                                                                                                                                                                    │
│                                                                                                                                                                                                                          │
│  ---                                                                                                                                                                                                                     │
│  } """                                                                                                                                                                                                                   │
│                                                                                                                                                                                                                          │
│                                                                                                                                                                                                                          │
└──────────────────────────────────────────────────────────────────────────────────────────────────────────────────────────────────────────────────────────────────────────────────────────────────────────────────────────┘

