┌───────────────────────────────────────────────────────────────────────────────────────────────────────── Flow Execution ─────────────────────────────────────────────────────────────────────────────────────────────────────────┐
│                                                                                                                                                                                                                                  │
│  Starting Flow Execution                                                                                                                                                                                                         │
│  Name: MarsFlow                                                                                                                                                                                                                  │
│  ID: 460438ab-0f61-4906-963e-fa0dfb008732                                                                                                                                                                                        │
│  Tool Args:                                                                                                                                                                                                                      │
│                                                                                                                                                                                                                                  │
│                                                                                                                                                                                                                                  │
└──────────────────────────────────────────────────────────────────────────────────────────────────────────────────────────────────────────────────────────────────────────────────────────────────────────────────────────────────┘

[1m[35m Flow started with ID: 460438ab-0f61-4906-963e-fa0dfb008732[00m
Mission analysis
🌊 Flow: MarsFlow
ID: 460438ab-0f61-4906-963e-fa0dfb008732
├── 🧠 Starting Flow...
└── 🔄 Running: run_mission_analysis┌───────────────────────────────────────────────────────────────────────────────────────────────────── Crew Execution Started ─────────────────────────────────────────────────────────────────────────────────────────────────────┐
│                                                                                                                                                                                                                                  │
│  Crew Execution Started                                                                                                                                                                                                          │
│  Name: crew                                                                                                                                                                                                                      │
│  ID: 3b084079-affe-4023-8860-72afd15aee1b                                                                                                                                                                                        │
│  Tool Args:                                                                                                                                                                                                                      │
│                                                                                                                                                                                                                                  │
│                                                                                                                                                                                                                                  │
└──────────────────────────────────────────────────────────────────────────────────────────────────────────────────────────────────────────────────────────────────────────────────────────────────────────────────────────────────┘

🚀 Crew: crew
└── 📋 Task: 362c63b4-3f81-4377-b94d-8fa374704f5d
    Status: Executing Task...┌──────────────────────────────────────────────────────────────────────────────────────────────────────── 🤖 Agent Started ────────────────────────────────────────────────────────────────────────────────────────────────────────┐
│                                                                                                                                                                                                                                  │
│  Agent: Mars mission strategic planner                                                                                                                                                                                           │
│                                                                                                                                                                                                                                  │
│  Task: Your ONLY job is to take the entire raw text provided in 'mission_report'  and pass it UNCHANGED to the 'planner_divide_report' tool in the 'markdown_report' argument.                                                   │
│  Do NOT try to extract nodes or terrains yourself.  Do NOT summarize.  Pass the raw markdown exactly as it is: """ {                                                                                                             │
│  ---                                                                                                                                                                                                                             │
│                                                                                                                                                                                                                                  │
│  # Mars Mission Report                                                                                                                                                                                                           │
│                                                                                                                                                                                                                                  │
│  ## Scientific Goals                                                                                                                                                                                                             │
│                                                                                                                                                                                                                                  │
│  - Collect subsurface samples from **rocky** terrain near nodes **N70** and **N102**.                                                                                                                                            │
│  - Capture panoramic images of **crater** terrain at nodes **N5**, **N58**, **N121** and **N150**.                                                                                                                               │
│  - Measure radiation levels in **sandy** terrain at node **N12**, **N86** and **N1**.                                                                                                                                            │
│  - Deploy seismic sensors at the **rocky** node **N20**.                                                                                                                                                                         │
│  - Detect organic molecules in **icy** terrain at **N59**.                                                                                                                                                                       │
│  - Air **dust** sample collection during flight over **N33** crater.                                                                                                                                                             │
│  - Map CO2 frost coverage in **icy** areas **N53**, **N63** and **N108**.                                                                                                                                                        │
│  - Identification of thermal anomalies at **icy** nodes **N56** and **N112**.                                                                                                                                                    │
│                                                                                                                                                                                                                                  │
│  ---                                                                                                                                                                                                                             │
│                                                                                                                                                                                                                                  │
│  ## Operational Constraints                                                                                                                                                                                                      │
│                                                                                                                                                                                                                                  │
│  - **Rovers** and **drones** should recharge if energy drops below 30%.                                                                                                                                                          │
│  - **Rovers** must enter a heat shelter during 20 minutes if the surface temperature is below -60ºC.                                                                                                                             │
│  - **Rovers** cannot operate if node temperature is below -80ºC.                                                                                                                                                                 │
│  - **Rover's** energy consumption is different depending on the type of terrain: 5% in rocky, increased 10% in sandy, increased 20% in icy and increased 15% in crater terrains.                                                 │
│  - **Drones** must return to base after 25 minutes of flight.                                                                                                                                                                    │
│  - **Drones** are disabled if there is a dust storm.                                                                                                                                                                             │
│  - **Drones** cannot operate if wind gusts are higher than 40 km/h.                                                                                                                                                              │
│  - **Drone's** energy consumption is increased 15% if wind is higher than 30 km/h.                                                                                                                                               │
│  - **Satellites** must maintain communication with the base station at N30 or N84 every 5 hours if they have to identify thermal anomalies.                                                                                      │
│  - **Satellites** cannot communicate in nodes with communication loss.                                                                                                                                                           │
│  - **Rovers** may not operate in terrain classified as radioactive.                                                                                                                                                              │
│  - **Rovers** may not operate in terrain classified as unstable.                                                                                                                                                                 │
│                                                                                                                                                                                                                                  │
│  ---                                                                                                                                                                                                                             │
│                                                                                                                                                                                                                                  │
│  ## Mission Priorities                                                                                                                                                                                                           │
│                                                                                                                                                                                                                                  │
│  1. **High Priority**                                                                                                                                                                                                            │
│     - Radiation measurement at **N12**, **N86** and **N1**.                                                                                                                                                                      │
│     - Subsurface sample collection at **N70**, **N102**, and **N152**.                                                                                                                                                           │
│     - Deploy seismic sensors at node **N20**.                                                                                                                                                                                    │
│                                                                                                                                                                                                                                  │
│  2. **Medium Priority**                                                                                                                                                                                                          │
│     - Air sample collection at **N33**.                                                                                                                                                                                          │
│     - Organic sample collection at **N59**.                                                                                                                                                                                      │
│     - Co2 analysis **N53**, **N63** and **N108**.                                                                                                                                                                                │
│                                                                                                                                                                                                                                  │
│  3. **Low Priority**                                                                                                                                                                                                             │
│     - Panoramic imaging at **N5**, **N58**, **N121** and **N150**.                                                                                                                                                               │
│     - Thermal anomalies at nodes **N56** and **N112**.                                                                                                                                                                           │
│                                                                                                                                                                                                                                  │
│  ---                                                                                                                                                                                                                             │
│                                                                                                                                                                                                                                  │
│  ## Known Hazards                                                                                                                                                                                                                │
│                                                                                                                                                                                                                                  │
│  - **Nodes N4, N19, N128**: unstable rocky terrain                                                                                                                                                                               │
│  - **Nodes N51, N78, N118**: nodes classified as radioactive                                                                                                                                                                     │
│  - **Node N33**: frequent dust storms                                                                                                                                                                                            │
│                                                                                                                                                                                                                                  │
│  ---                                                                                                                                                                                                                             │
│  } """                                                                                                                                                                                                                           │
│                                                                                                                                                                                                                                  │
│                                                                                                                                                                                                                                  │
└──────────────────────────────────────────────────────────────────────────────────────────────────────────────────────────────────────────────────────────────────────────────────────────────────────────────────────────────────┘

🚀 Crew: crew
└── 📋 Task: 362c63b4-3f81-4377-b94d-8fa374704f5d
    Status: Executing Task...┌───────────────────────────────────────────────────────────────────────────────────────────────────── ✅ Agent Final Answer ──────────────────────────────────────────────────────────────────────────────────────────────────────┐
│                                                                                                                                                                                                                                  │
│  Agent: Mars mission strategic planner                                                                                                                                                                                           │
│                                                                                                                                                                                                                                  │
│  Final Answer:                                                                                                                                                                                                                   │
│  {                                                                                                                                                                                                                               │
│      "Scientific Goals": "- Collect subsurface samples from **rocky** terrain near nodes **N70** and **N102**. \n- Capture panoramic images of **crater** terrain at nodes **N5**, **N58**, **N121** and **N150**. \n- Measure   │
│  radiation levels in **sandy** terrain at node **N12**, **N86** and **N1**. \n- Deploy seismic sensors at the **rocky** node **N20**. \n- Detect organic molecules in **icy** terrain at **N59**. \n- Air **dust** sample        │
│  collection during flight over **N33** crater. \n- Map CO2 frost coverage in **icy** areas **N53**, **N63** and **N108**. \n- Identification of thermal anomalies at **icy** nodes **N56** and **N112**.",                       │
│      "Operational Constraints": "- **Rovers** and **drones** should recharge if energy drops below 30%.\\n- **Rovers** must enter a heat shelter during 20 minutes if the surface temperature is below -60ºC.\\n- **Rovers**     │
│  cannot operate if node temperature is below -80ºC.\\n- **Rover's** energy consumption is different depending on the type of terrain: 5% in rocky, increased 10% in sandy, increased 20% in icy and increased 15% in crater      │
│  terrains.\\n- **Drones** must return to base after 25 minutes of flight.\\n- **Drones** are disabled if there is a dust storm.\\n- **Drones** cannot operate if wind gusts are higher than 40 km/h.\\n- **Drone's** energy      │
│  consumption is increased 15% if wind is higher than 30 km/h.\\n- **Satellites** must maintain communication with the base station at N30 or N84 every 5 hours if they have to identify thermal anomalies. \\n- **Satellites**   │
│  cannot communicate in nodes with communication loss.\\n- **Rovers** may not operate in terrain classified as radioactive.\\n- **Rovers** may not operate in terrain classified as unstable.",                                   │
│      "Mission Priorities": "1. **High Priority**\\n   - Radiation measurement at **N12**, **N86** and **N1**.\\n   - Subsurface sample collection at **N70**, **N102**, and **N152**.\\n   - Deploy seismic sensors at node      │
│  **N20**.\\n\\n2. **Medium Priority** \\n   - Air sample collection at **N33**.\\n   - Organic sample collection at **N59**.\\n   - Co2 analysis **N53**, **N63** and **N108**.\\n\\n3. **Low Priority** \\n   - Panoramic       │
│  imaging at **N5**, **N58**, **N121** and **N150**.\\n   - Thermal anomalies at nodes **N56** and **N112**.",                                                                                                                    │
│      "Known Hazards": "- **Nodes N4, N19, N128**: unstable rocky terrain\\n- **Nodes N51, N78, N118**: nodes classified as radioactive \\n- **Node N33**: frequent dust storms"                                                  │
│  }                                                                                                                                                                                                                               │
│                                                                                                                                                                                                                                  │
└──────────────────────────────────────────────────────────────────────────────────────────────────────────────────────────────────────────────────────────────────────────────────────────────────────────────────────────────────┘

🚀 Crew: crew
└── 📋 Task: 362c63b4-3f81-4377-b94d-8fa374704f5d
    Assigned to: Mars mission strategic planner
    
    Status: ✅ Completed┌──────────────────────────────────────────────────────────────────────────────────────────────────────── Task Completion ─────────────────────────────────────────────────────────────────────────────────────────────────────────┐
│                                                                                                                                                                                                                                  │
│  Task Completed                                                                                                                                                                                                                  │
│  Name: 362c63b4-3f81-4377-b94d-8fa374704f5d                                                                                                                                                                                      │
│  Agent: Mars mission strategic planner                                                                                                                                                                                           │
│                                                                                                                                                                                                                                  │
│  Tool Args:                                                                                                                                                                                                                      │
│                                                                                                                                                                                                                                  │
│                                                                                                                                                                                                                                  │
└──────────────────────────────────────────────────────────────────────────────────────────────────────────────────────────────────────────────────────────────────────────────────────────────────────────────────────────────────┘

🚀 Crew: crew
├── 📋 Task: 362c63b4-3f81-4377-b94d-8fa374704f5d
│   Assigned to: Mars mission strategic planner
│   
│   Status: ✅ Completed
├── 📋 Task: 3822b44c-b916-4385-973c-e99ad1f60666
│   Status: Executing Task...
└── 📋 Task: 65d2deed-1602-46d4-947f-ba9a801c8beb
    Status: Executing Task...┌──────────────────────────────────────────────────────────────────────────────────────────────────────── 🤖 Agent Started ────────────────────────────────────────────────────────────────────────────────────────────────────────┐
│                                                                                                                                                                                                                                  │
│  Agent: Mission decomposition & resource allocator                                                                                                                                                                               │
│                                                                                                                                                                                                                                  │
│  Task: Transforms a raw mission JSON loaded as an str """ {{context.additional_information}} """ into a structured asset-based task list. It parses scientific goals and matches them to the correct explorer (Rover, Drone, or  │
│  Satellite) based on strict keyword-based classification rules and priority levels.                                                                                                                                              │
│                                                                                                                                                                                                                                  │
│                                                                                                                                                                                                                                  │
└──────────────────────────────────────────────────────────────────────────────────────────────────────────────────────────────────────────────────────────────────────────────────────────────────────────────────────────────────┘
┌──────────────────────────────────────────────────────────────────────────────────────────────────────── 🤖 Agent Started ────────────────────────────────────────────────────────────────────────────────────────────────────────┐
│                                                                                                                                                                                                                                  │
│  Agent: Mission decomposition & hazard allocator                                                                                                                                                                                 │
│                                                                                                                                                                                                                                  │
│  Task: Task Description:                                                                                                                                                                                                         │
│    1. Extract: Isolate the operational constraints from the provided input """ {{context.additional_information}} """.                                                                                                           │
│    2. Classify: Categorize each constraint into rovers, drones, or satellites. If a constraint applies to multiple (e.g., "Drones and Rovers..."), include it in both.                                                           │
│    3. Hazard Mapping: For each constraint, check the known hazards list. If a hazard (like "unstable rocky terrain") directly triggers or relates to a constraint (like "Rovers may not operate in terrain classified as         │
│  unstable"), you must map the specific Nodes from the hazard list to that constraint. Moreover, remove the constraint if it maps to a hazard.                                                                                    │
│  Format: Output the final result as a valid JSON object following the provided structure.                                                                                                                                        │
│                                                                                                                                                                                                                                  │
│                                                                                                                                                                                                                                  │
└──────────────────────────────────────────────────────────────────────────────────────────────────────────────────────────────────────────────────────────────────────────────────────────────────────────────────────────────────┘


